<?xml version="1.0" encoding="UTF-8"?>
<!-- Generated by org.testng.reporters.JUnitReportReporter -->
<testsuite hostname="0493-3422" failures="0" tests="1" name="book.EmailFriend" time="11.819" errors="0" timestamp="2024-10-07T20:57:33 IST" skipped="0">
  <testcase classname="book.EmailFriend" name="Email" time="11.819"/>
  <system-out/>
</testsuite> <!-- book.EmailFriend -->
