<?xml version="1.0" encoding="UTF-8"?>
<!-- Generated by org.testng.reporters.JUnitReportReporter -->
<testsuite hostname="0493-3422" failures="0" tests="1" name="computer.Desktop" time="18.763" errors="0" timestamp="2024-10-17T19:43:05 IST" skipped="0">
  <testcase classname="computer.Desktop" name="VerifyDesktopAddToCart" time="18.763"/>
  <system-out/>
</testsuite> <!-- computer.Desktop -->
