<?xml version="1.0" encoding="UTF-8"?>
<!-- Generated by org.testng.reporters.JUnitReportReporter -->
<testsuite hostname="0493-3422" failures="0" tests="1" name="testcases.EmailFriend" time="13.025" errors="0" timestamp="2024-10-07T11:50:28 IST" skipped="0">
  <testcase classname="testcases.EmailFriend" name="Email" time="13.025"/>
  <system-out/>
</testsuite> <!-- testcases.EmailFriend -->
