<?xml version="1.0" encoding="UTF-8"?>
<!-- Generated by org.testng.reporters.JUnitReportReporter -->
<testsuite hostname="0493-3422" failures="0" tests="1" name="book.BookAddToCart" time="14.712" errors="0" timestamp="2024-10-21T20:17:09 IST" skipped="0">
  <testcase classname="book.BookAddToCart" name="VerifyBookPurchase" time="14.712"/>
  <system-out/>
</testsuite> <!-- book.BookAddToCart -->
