<?xml version="1.0" encoding="UTF-8"?>
<!-- Generated by org.testng.reporters.JUnitReportReporter -->
<testsuite hostname="0493-3422" failures="0" tests="1" name="TestingProject.YahooLogin" time="10.666" errors="0" timestamp="2024-09-09T16:34:45 IST" skipped="0">
  <testcase classname="TestingProject.YahooLogin" name="VerifyYahooLogin" time="10.666"/>
  <system-out/>
</testsuite> <!-- TestingProject.YahooLogin -->
