<?xml version="1.0" encoding="UTF-8"?>
<!-- Generated by org.testng.reporters.JUnitReportReporter -->
<testsuite hostname="0493-3422" failures="0" tests="1" name="signinsignup.Login" time="3.727" errors="0" timestamp="2024-10-14T20:28:56 IST" skipped="0">
  <testcase classname="signinsignup.Login" name="VerifyLogin" time="3.727"/>
  <system-out/>
</testsuite> <!-- signinsignup.Login -->
