<?xml version="1.0" encoding="UTF-8"?>
<!-- Generated by org.testng.reporters.JUnitReportReporter -->
<testsuite hostname="0493-3422" failures="0" tests="1" name="signinsignup.Login" time="7.814" errors="0" timestamp="2024-12-27T15:40:49 IST" skipped="0">
  <testcase classname="signinsignup.Login" name="VerifyLogin" time="7.814"/>
  <system-out/>
</testsuite> <!-- signinsignup.Login -->
