<?xml version="1.0" encoding="UTF-8"?>
<!-- Generated by org.testng.reporters.JUnitReportReporter -->
<testsuite hostname="0493-3422" failures="0" tests="2" name="logouttest.Logout" time="12.841" errors="0" timestamp="2024-12-27T18:02:47 IST" skipped="0">
  <testcase classname="logouttest.Logout" name="VerifyLogout" time="0.006"/>
  <system-out/>
  <testcase classname="logouttest.Logout" name="VerifyLogin" time="12.835"/>
  <system-out/>
</testsuite> <!-- logouttest.Logout -->
