<?xml version="1.0" encoding="UTF-8"?>
<!-- Generated by org.testng.reporters.JUnitReportReporter -->
<testsuite hostname="0493-3422" failures="0" tests="4" name="TestingProject.RahulShettyTest" time="50.787" errors="0" timestamp="2024-09-09T16:03:47 IST" skipped="0">
  <testcase classname="TestingProject.RahulShettyTest" name="VerifyGetTitle" time="7.263"/>
  <system-out/>
  <testcase classname="TestingProject.RahulShettyTest" name="LoginWithCorrectInput" time="18.937"/>
  <system-out/>
  <testcase classname="TestingProject.RahulShettyTest" name="LoginWithIncorrectUsername" time="12.992"/>
  <system-out/>
  <testcase classname="TestingProject.RahulShettyTest" name="LoginWithIncorrectPassword" time="11.595"/>
  <system-out/>
</testsuite> <!-- TestingProject.RahulShettyTest -->
